2020-05-28 11:29:03,889 - ResourceManager : found vm/node_js/module/%sMask.ts.vm with loader org.apache.velocity.runtime.resource.loader.ClasspathResourceLoader
2020-05-28 11:29:03,892 - ResourceManager : found vm/node_js/module/%sMask.ts.vm with loader org.apache.velocity.runtime.resource.loader.ClasspathResourceLoader
2020-05-28 11:29:03,895 - ResourceManager : found vm/node_js/module/%sMask.ts.vm with loader org.apache.velocity.runtime.resource.loader.ClasspathResourceLoader
2020-05-28 11:29:03,898 - ResourceManager : found vm/node_js/module/%sMask.ts.vm with loader org.apache.velocity.runtime.resource.loader.ClasspathResourceLoader
2020-05-28 11:29:03,902 - ResourceManager : found vm/node_js/module/%sSpec.ts.vm with loader org.apache.velocity.runtime.resource.loader.ClasspathResourceLoader
2020-05-28 11:29:03,909 - ResourceManager : found vm/node_js/module/%sSpec.ts.vm with loader org.apache.velocity.runtime.resource.loader.ClasspathResourceLoader
2020-05-28 11:29:03,915 - ResourceManager : found vm/node_js/module/%sSpec.ts.vm with loader org.apache.velocity.runtime.resource.loader.ClasspathResourceLoader
2020-05-28 11:29:03,918 - ResourceManager : found vm/node_js/module/%sSpec.ts.vm with loader org.apache.velocity.runtime.resource.loader.ClasspathResourceLoader
2020-05-28 11:29:03,939 - ResourceManager : found vm/node_js/module/%sSpec.ts.vm with loader org.apache.velocity.runtime.resource.loader.ClasspathResourceLoader
2020-05-28 11:29:03,942 - ResourceManager : found vm/node_js/module/%sSpec.ts.vm with loader org.apache.velocity.runtime.resource.loader.ClasspathResourceLoader
2020-05-28 11:29:03,954 - ResourceManager : found vm/node_js/module/%sSpec.ts.vm with loader org.apache.velocity.runtime.resource.loader.ClasspathResourceLoader
2020-05-28 11:29:03,956 - ResourceManager : found vm/node_js/module/%sSpec.ts.vm with loader org.apache.velocity.runtime.resource.loader.ClasspathResourceLoader
2020-05-28 11:29:03,959 - ResourceManager : found vm/node_js/module/%sSpec.ts.vm with loader org.apache.velocity.runtime.resource.loader.ClasspathResourceLoader
2020-05-28 11:29:03,961 - ResourceManager : found vm/node_js/module/%sSpec.ts.vm with loader org.apache.velocity.runtime.resource.loader.ClasspathResourceLoader
2020-05-28 11:29:03,963 - ResourceManager : found vm/node_js/module/%sSpec.ts.vm with loader org.apache.velocity.runtime.resource.loader.ClasspathResourceLoader
2020-05-28 11:29:03,966 - ResourceManager : found vm/node_js/module/%sSpec.ts.vm with loader org.apache.velocity.runtime.resource.loader.ClasspathResourceLoader
2020-05-28 11:29:03,968 - ResourceManager : found vm/node_js/module/%sSpec.ts.vm with loader org.apache.velocity.runtime.resource.loader.ClasspathResourceLoader
2020-05-28 11:29:03,989 - ResourceManager : found vm/node_js/module/%sSpec.ts.vm with loader org.apache.velocity.runtime.resource.loader.ClasspathResourceLoader
2020-05-28 11:29:03,992 - ResourceManager : found vm/node_js/module/%sSpec.ts.vm with loader org.apache.velocity.runtime.resource.loader.ClasspathResourceLoader
2020-05-28 11:29:03,994 - ResourceManager : found vm/node_js/module/%sSpec.ts.vm with loader org.apache.velocity.runtime.resource.loader.ClasspathResourceLoader
2020-05-28 11:29:03,996 - ResourceManager : found vm/node_js/module/%sSpec.ts.vm with loader org.apache.velocity.runtime.resource.loader.ClasspathResourceLoader
2020-05-28 11:29:03,998 - ResourceManager : found vm/node_js/module/%sSpec.ts.vm with loader org.apache.velocity.runtime.resource.loader.ClasspathResourceLoader
2020-05-28 11:29:04,001 - ResourceManager : found vm/node_js/module/%sSpec.ts.vm with loader org.apache.velocity.runtime.resource.loader.ClasspathResourceLoader
2020-05-28 11:29:04,009 - ResourceManager : found vm/node_js/module/%sStub.ts.vm with loader org.apache.velocity.runtime.resource.loader.ClasspathResourceLoader
2020-05-28 11:29:04,015 - ResourceManager : found vm/node_js/module/%sStub.ts.vm with loader org.apache.velocity.runtime.resource.loader.ClasspathResourceLoader
2020-05-28 11:29:04,022 - ResourceManager : found vm/node_js/module/%sStub.ts.vm with loader org.apache.velocity.runtime.resource.loader.ClasspathResourceLoader
2020-05-28 11:29:04,029 - ResourceManager : found vm/node_js/module/%sStub.ts.vm with loader org.apache.velocity.runtime.resource.loader.ClasspathResourceLoader
2020-05-28 11:29:04,034 - ResourceManager : found vm/node_js/module/%sStub.ts.vm with loader org.apache.velocity.runtime.resource.loader.ClasspathResourceLoader
2020-05-28 11:29:04,045 - ResourceManager : found vm/node_js/module/%sStub.ts.vm with loader org.apache.velocity.runtime.resource.loader.ClasspathResourceLoader
2020-05-28 11:29:04,051 - ResourceManager : found vm/node_js/module/%sStub.ts.vm with loader org.apache.velocity.runtime.resource.loader.ClasspathResourceLoader
2020-05-28 11:29:04,057 - ResourceManager : found vm/node_js/module/%sStub.ts.vm with loader org.apache.velocity.runtime.resource.loader.ClasspathResourceLoader
2020-05-28 11:29:04,062 - ResourceManager : found vm/node_js/module/%sStub.ts.vm with loader org.apache.velocity.runtime.resource.loader.ClasspathResourceLoader
2020-05-28 11:29:04,068 - ResourceManager : found vm/node_js/module/%sStub.ts.vm with loader org.apache.velocity.runtime.resource.loader.ClasspathResourceLoader
2020-05-28 11:29:04,073 - ResourceManager : found vm/node_js/module/%sStub.ts.vm with loader org.apache.velocity.runtime.resource.loader.ClasspathResourceLoader
2020-05-28 11:29:04,077 - ResourceManager : found vm/node_js/module/%sStub.ts.vm with loader org.apache.velocity.runtime.resource.loader.ClasspathResourceLoader
2020-05-28 11:29:04,082 - ResourceManager : found vm/node_js/module/%sStub.ts.vm with loader org.apache.velocity.runtime.resource.loader.ClasspathResourceLoader
2020-05-28 11:29:04,092 - ResourceManager : found vm/node_js/module/%sStub.ts.vm with loader org.apache.velocity.runtime.resource.loader.ClasspathResourceLoader
2020-05-28 11:29:04,098 - ResourceManager : found vm/node_js/module/%sStub.ts.vm with loader org.apache.velocity.runtime.resource.loader.ClasspathResourceLoader
2020-05-28 11:29:04,103 - ResourceManager : found vm/node_js/module/%sStub.ts.vm with loader org.apache.velocity.runtime.resource.loader.ClasspathResourceLoader
2020-05-28 11:29:04,110 - ResourceManager : found vm/node_js/module/%sStub.ts.vm with loader org.apache.velocity.runtime.resource.loader.ClasspathResourceLoader
2020-05-28 11:29:04,115 - ResourceManager : found vm/node_js/module/%sStub.ts.vm with loader org.apache.velocity.runtime.resource.loader.ClasspathResourceLoader
2020-05-28 11:29:04,120 - ResourceManager : found vm/node_js/module/%sStub.ts.vm with loader org.apache.velocity.runtime.resource.loader.ClasspathResourceLoader
2020-05-28 11:29:04,124 - ResourceManager : found vm/node_js/base/dateFormatter.ts.vm with loader org.apache.velocity.runtime.resource.loader.ClasspathResourceLoader
2020-05-28 11:29:04,126 - ResourceManager : found vm/node_js/base/filter.ts.vm with loader org.apache.velocity.runtime.resource.loader.ClasspathResourceLoader
2020-05-28 11:29:04,137 - ResourceManager : found vm/node_js/base/order.ts.vm with loader org.apache.velocity.runtime.resource.loader.ClasspathResourceLoader
2020-05-28 11:29:04,143 - ResourceManager : found vm/node_js/base/range.ts.vm with loader org.apache.velocity.runtime.resource.loader.ClasspathResourceLoader
2020-05-28 11:29:04,146 - ResourceManager : found vm/node_js/base/common.ts.vm with loader org.apache.velocity.runtime.resource.loader.ClasspathResourceLoader
2020-05-28 11:29:04,148 - ResourceManager : found vm/node_js/base/bean.ts.vm with loader org.apache.velocity.runtime.resource.loader.ClasspathResourceLoader
2020-05-28 11:29:04,149 - ResourceManager : found vm/node_js/base/mask.ts.vm with loader org.apache.velocity.runtime.resource.loader.ClasspathResourceLoader
2020-05-28 11:29:04,151 - ResourceManager : found vm/node_js/base/spec.ts.vm with loader org.apache.velocity.runtime.resource.loader.ClasspathResourceLoader
